app/build/outputs/logs/manifest-merger-release-report.txt
-- Merging decision tree log ---
manifest
ADDED from src\main\AndroidManifest.xml:2:1-307:12
	package
		ADDED from src\main\AndroidManifest.xml:3:5-33
		INJECTED from src\main\AndroidManifest.xml
		INJECTED from src\main\AndroidManifest.xml
	android:versionName
		INJECTED from src\main\AndroidManifest.xml
		INJECTED from src\main\AndroidManifest.xml
	xmlns:android
		ADDED from src\main\AndroidManifest.xml:2:11-69
	android:versionCode
		INJECTED from src\main\AndroidManifest.xml
		INJECTED from src\main\AndroidManifest.xml
uses-permission#android.permission.RECEIVE_USER_PRESENT
ADDED from src\main\AndroidManifest.xml:7:5-79
	android:name
		ADDED from src\main\AndroidManifest.xml:7:22-76
uses-permission#android.permission.INTERNET
ADDED from src\main\AndroidManifest.xml:8:5-67
	android:name
		ADDED from src\main\AndroidManifest.xml:8:22-64
uses-permission#android.permission.WAKE_LOCK
ADDED from src\main\AndroidManifest.xml:9:5-68
	android:name
		ADDED from src\main\AndroidManifest.xml:9:22-65
uses-permission#android.permission.READ_EXTERNAL_STORAGE
ADDED from src\main\AndroidManifest.xml:10:5-80
	android:name
		ADDED from src\main\AndroidManifest.xml:10:22-77
uses-permission#android.permission.WRITE_SETTINGS
ADDED from src\main\AndroidManifest.xml:11:5-73
	android:name
		ADDED from src\main\AndroidManifest.xml:11:22-70
uses-permission#android.permission.VIBRATE
ADDED from src\main\AndroidManifest.xml:12:5-66
	android:name
		ADDED from src\main\AndroidManifest.xml:12:22-63
uses-permission#android.permission.MOUNT_UNMOUNT_FILESYSTEMS
ADDED from src\main\AndroidManifest.xml:13:5-84
	android:name
		ADDED from src\main\AndroidManifest.xml:13:22-81
uses-permission#android.permission.SYSTEM_ALERT_WINDOW
ADDED from src\main\AndroidManifest.xml:14:5-78
	android:name
		ADDED from src\main\AndroidManifest.xml:14:22-75
uses-permission#android.permission.MANAGE_ACCOUNTS
ADDED from src\main\AndroidManifest.xml:15:5-74
	android:name
		ADDED from src\main\AndroidManifest.xml:15:22-71
uses-permission#android.permission.GET_ACCOUNTS
ADDED from src\main\AndroidManifest.xml:16:5-71
	android:name
		ADDED from src\main\AndroidManifest.xml:16:22-68
uses-permission#android.permission.CALL_PHONE
ADDED from src\main\AndroidManifest.xml:17:5-69
	android:name
		ADDED from src\main\AndroidManifest.xml:17:22-66
uses-permission#android.permission.CHANGE_WIFI_STATE
ADDED from src\main\AndroidManifest.xml:19:5-76
	android:name
		ADDED from src\main\AndroidManifest.xml:19:22-73
uses-permission#android.permission.ACCESS_LOCATION_EXTRA_COMMANDS
ADDED from src\main\AndroidManifest.xml:20:5-89
	android:name
		ADDED from src\main\AndroidManifest.xml:20:22-86
uses-permission#android.permission.CHANGE_NETWORK_STATE
ADDED from src\main\AndroidManifest.xml:21:5-79
	android:name
		ADDED from src\main\AndroidManifest.xml:21:22-76
uses-permission#android.permission.CAMERA
ADDED from src\main\AndroidManifest.xml:22:5-65
	android:name
		ADDED from src\main\AndroidManifest.xml:22:22-62
uses-permission#com.android.launcher.permission.READ_SETTINGS
ADDED from src\main\AndroidManifest.xml:23:5-85
	android:name
		ADDED from src\main\AndroidManifest.xml:23:22-82
uses-permission#android.permission.ACCESS_COARSE_LOCATION
ADDED from src\main\AndroidManifest.xml:25:5-81
	android:name
		ADDED from src\main\AndroidManifest.xml:25:22-78
uses-permission#android.permission.ACCESS_FINE_LOCATION
ADDED from src\main\AndroidManifest.xml:27:5-79
	android:name
		ADDED from src\main\AndroidManifest.xml:27:22-76
uses-permission#android.permission.ACCESS_WIFI_STATE
ADDED from src\main\AndroidManifest.xml:29:5-76
	android:name
		ADDED from src\main\AndroidManifest.xml:29:22-73
uses-permission#android.permission.ACCESS_NETWORK_STATE
ADDED from src\main\AndroidManifest.xml:31:5-79
	android:name
		ADDED from src\main\AndroidManifest.xml:31:22-76
uses-permission#android.permission.READ_PHONE_STATE
ADDED from src\main\AndroidManifest.xml:33:5-75
	android:name
		ADDED from src\main\AndroidManifest.xml:33:22-72
uses-permission#android.permission.WRITE_EXTERNAL_STORAGE
ADDED from src\main\AndroidManifest.xml:35:5-81
	android:name
		ADDED from src\main\AndroidManifest.xml:35:22-78
uses-permission#android.permission.MODIFY_AUDIO_SETTINGS
ADDED from src\main\AndroidManifest.xml:36:5-80
	android:name
		ADDED from src\main\AndroidManifest.xml:36:22-77
uses-permission#android.permission.MANAGE_DOCUMENTS
ADDED from src\main\AndroidManifest.xml:40:5-75
	android:name
		ADDED from src\main\AndroidManifest.xml:40:22-72
uses-permission#android.permission.CHANGE_CONFIGURATION
ADDED from src\main\AndroidManifest.xml:43:5-79
	android:name
		ADDED from src\main\AndroidManifest.xml:43:22-76
uses-permission#android.permission.BLUETOOTH_ADMIN
ADDED from src\main\AndroidManifest.xml:52:5-74
	android:name
		ADDED from src\main\AndroidManifest.xml:52:22-71
uses-permission#android.permission.BLUETOOTH
ADDED from src\main\AndroidManifest.xml:54:5-68
	android:name
		ADDED from src\main\AndroidManifest.xml:54:22-65
application
ADDED from src\main\AndroidManifest.xml:56:5-305:19
MERGED from [com.android.support:design:25.0.0] AndroidManifest.xml:25:5-20
MERGED from [com.android.support:transition:25.0.0] AndroidManifest.xml:22:5-20
MERGED from [com.lsjwzh:materialloadingprogressbar:0.5.8-RELEASE] AndroidManifest.xml:11:5-12:19
MERGED from [com.jaeger.statusbaruitl:library:1.1.1] AndroidManifest.xml:11:5-20
MERGED from [com.github.chenupt.android:dragtoplayout:1.2.1] AndroidManifest.xml:11:5-12:19
MERGED from [top.zibin:Luban:1.0.8] AndroidManifest.xml:11:5-15:19
MERGED from [id.zelory:compressor:1.0.2] AndroidManifest.xml:11:5-15:19
MERGED from [com.zzhoujay.richtext:richtext:2.0.13] AndroidManifest.xml:12:5-20
MERGED from [com.zzhoujay.markdown:markdown:0.0.12] AndroidManifest.xml:12:5-20
MERGED from [com.badoo.mobile:android-weak-handler:1.1] AndroidManifest.xml:12:5-20
MERGED from [com.flyco.labelview:FlycoLabelView_Lib:1.0.2] AndroidManifest.xml:11:5-14:19
MERGED from [org.xutils:xutils:3.3.36] AndroidManifest.xml:12:5-20
MERGED from [com.tb.emoji:yykEmoji:1.0.0] AndroidManifest.xml:11:5-12:19
MERGED from [com.android.support:appcompat-v7:25.3.1] AndroidManifest.xml:29:5-20
MERGED from [com.android.support:animated-vector-drawable:25.3.1] AndroidManifest.xml:26:5-20
MERGED from [com.android.support:support-vector-drawable:25.3.1] AndroidManifest.xml:26:5-20
MERGED from [com.android.support:support-v4:25.3.1] AndroidManifest.xml:29:5-20
MERGED from [com.android.support:support-fragment:25.3.1] AndroidManifest.xml:29:5-20
MERGED from [com.android.support:support-media-compat:25.3.1] AndroidManifest.xml:29:5-20
MERGED from [com.android.support:support-core-ui:25.3.1] AndroidManifest.xml:29:5-20
MERGED from [com.android.support:support-core-utils:25.3.1] AndroidManifest.xml:29:5-20
MERGED from [com.android.support:support-compat:25.3.1] AndroidManifest.xml:29:5-20
	android:label
		ADDED from src\main\AndroidManifest.xml:60:9-41
	android:supportsRtl
		ADDED from src\main\AndroidManifest.xml:61:9-35
	android:allowBackup
		ADDED from src\main\AndroidManifest.xml:58:9-35
	android:icon
		ADDED from src\main\AndroidManifest.xml:59:9-43
	android:theme
		ADDED from src\main\AndroidManifest.xml:62:9-40
	android:name
		ADDED from src\main\AndroidManifest.xml:57:9-50
meta-data#com.amap.api.v2.apikey
ADDED from src\main\AndroidManifest.xml:64:9-66:64
	android:value
		ADDED from src\main\AndroidManifest.xml:66:13-61
	android:name
		ADDED from src\main\AndroidManifest.xml:65:13-50
service#com.amap.api.location.APSService
ADDED from src\main\AndroidManifest.xml:68:9-69:19
	android:name
		ADDED from src\main\AndroidManifest.xml:68:18-65
activity#com.suctan.huigang.activity.login.LoginActivity
ADDED from src\main\AndroidManifest.xml:71:9-80:20
	android:windowSoftInputMode
		ADDED from src\main\AndroidManifest.xml:74:13-67
	android:configChanges
		ADDED from src\main\AndroidManifest.xml:73:13-75
	android:name
		ADDED from src\main\AndroidManifest.xml:72:13-57
intent-filter#android.intent.action.MAIN+android.intent.category.LAUNCHER
ADDED from src\main\AndroidManifest.xml:75:13-79:29
action#android.intent.action.MAIN
ADDED from src\main\AndroidManifest.xml:76:17-69
	android:name
		ADDED from src\main\AndroidManifest.xml:76:25-66
category#android.intent.category.LAUNCHER
ADDED from src\main\AndroidManifest.xml:78:17-77
	android:name
		ADDED from src\main\AndroidManifest.xml:78:27-74
activity#com.suctan.huigang.activity.MainActivity
ADDED from src\main\AndroidManifest.xml:81:9-84:70
	android:windowSoftInputMode
		ADDED from src\main\AndroidManifest.xml:84:13-67
	android:configChanges
		ADDED from src\main\AndroidManifest.xml:83:13-75
	android:name
		ADDED from src\main\AndroidManifest.xml:82:13-50
activity#com.suctan.huigang.activity.Home_Page.HomeActivity
ADDED from src\main\AndroidManifest.xml:85:9-88:70
	android:windowSoftInputMode
		ADDED from src\main\AndroidManifest.xml:88:13-67
	android:configChanges
		ADDED from src\main\AndroidManifest.xml:87:13-75
	android:name
		ADDED from src\main\AndroidManifest.xml:86:13-60
activity#com.suctan.huigang.activity.search.SearchActivity
ADDED from src\main\AndroidManifest.xml:89:9-92:70
	android:windowSoftInputMode
		ADDED from src\main\AndroidManifest.xml:92:13-67
	android:configChanges
		ADDED from src\main\AndroidManifest.xml:91:13-75
	android:name
		ADDED from src\main\AndroidManifest.xml:90:13-59
activity#com.suctan.huigang.activity.recommend.RecommendActivity
ADDED from src\main\AndroidManifest.xml:93:9-96:70
	android:windowSoftInputMode
		ADDED from src\main\AndroidManifest.xml:96:13-67
	android:configChanges
		ADDED from src\main\AndroidManifest.xml:95:13-75
	android:name
		ADDED from src\main\AndroidManifest.xml:94:13-65
activity#com.suctan.huigang.activity.do_want.DoWant
ADDED from src\main\AndroidManifest.xml:97:9-100:70
	android:windowSoftInputMode
		ADDED from src\main\AndroidManifest.xml:100:13-67
	android:configChanges
		ADDED from src\main\AndroidManifest.xml:99:13-75
	android:name
		ADDED from src\main\AndroidManifest.xml:98:13-52
activity#com.suctan.huigang.activity.want.Want
ADDED from src\main\AndroidManifest.xml:101:9-104:70
	android:windowSoftInputMode
		ADDED from src\main\AndroidManifest.xml:104:13-67
	android:configChanges
		ADDED from src\main\AndroidManifest.xml:103:13-75
	android:name
		ADDED from src\main\AndroidManifest.xml:102:13-47
activity#com.suctan.huigang.activity.share.ServiceList
ADDED from src\main\AndroidManifest.xml:105:9-108:70
	android:windowSoftInputMode
		ADDED from src\main\AndroidManifest.xml:108:13-67
	android:configChanges
		ADDED from src\main\AndroidManifest.xml:107:13-75
	android:name
		ADDED from src\main\AndroidManifest.xml:106:13-55
activity#com.suctan.huigang.activity.share.ReleaseService
ADDED from src\main\AndroidManifest.xml:109:9-112:70
	android:windowSoftInputMode
		ADDED from src\main\AndroidManifest.xml:112:13-67
	android:configChanges
		ADDED from src\main\AndroidManifest.xml:111:13-75
	android:name
		ADDED from src\main\AndroidManifest.xml:110:13-58
activity#com.suctan.huigang.activity.circle.PostRelease
ADDED from src\main\AndroidManifest.xml:113:9-116:70
	android:windowSoftInputMode
		ADDED from src\main\AndroidManifest.xml:116:13-67
	android:configChanges
		ADDED from src\main\AndroidManifest.xml:115:13-75
	android:name
		ADDED from src\main\AndroidManifest.xml:114:13-56
activity#com.suctan.huigang.activity.circle.CirclePostDetails
ADDED from src\main\AndroidManifest.xml:117:9-120:70
	android:windowSoftInputMode
		ADDED from src\main\AndroidManifest.xml:120:13-67
	android:configChanges
		ADDED from src\main\AndroidManifest.xml:119:13-75
	android:name
		ADDED from src\main\AndroidManifest.xml:118:13-62
activity#com.suctan.huigang.activity.circle.NoticeDetail
ADDED from src\main\AndroidManifest.xml:121:9-124:70
	android:windowSoftInputMode
		ADDED from src\main\AndroidManifest.xml:124:13-67
	android:configChanges
		ADDED from src\main\AndroidManifest.xml:123:13-75
	android:name
		ADDED from src\main\AndroidManifest.xml:122:13-57
activity#com.suctan.huigang.activity.circle.MoreNotice
ADDED from src\main\AndroidManifest.xml:125:9-128:70
	android:windowSoftInputMode
		ADDED from src\main\AndroidManifest.xml:128:13-67
	android:configChanges
		ADDED from src\main\AndroidManifest.xml:127:13-75
	android:name
		ADDED from src\main\AndroidManifest.xml:126:13-55
activity#com.suctan.huigang.activity.share.ServiceDetail
ADDED from src\main\AndroidManifest.xml:129:9-132:70
	android:windowSoftInputMode
		ADDED from src\main\AndroidManifest.xml:132:13-67
	android:configChanges
		ADDED from src\main\AndroidManifest.xml:131:13-75
	android:name
		ADDED from src\main\AndroidManifest.xml:130:13-57
activity#com.suctan.huigang.activity.search.Search_Result
ADDED from src\main\AndroidManifest.xml:135:9-138:70
	android:windowSoftInputMode
		ADDED from src\main\AndroidManifest.xml:138:13-67
	android:configChanges
		ADDED from src\main\AndroidManifest.xml:137:13-75
	android:name
		ADDED from src\main\AndroidManifest.xml:136:13-58
activity#com.suctan.huigang.activity.myself.SettingActivity
ADDED from src\main\AndroidManifest.xml:139:9-142:70
	android:windowSoftInputMode
		ADDED from src\main\AndroidManifest.xml:142:13-67
	android:configChanges
		ADDED from src\main\AndroidManifest.xml:141:13-75
	android:name
		ADDED from src\main\AndroidManifest.xml:140:13-60
activity#com.suctan.huigang.activity.setting.SeetingFogetPwd
ADDED from src\main\AndroidManifest.xml:145:9-148:70
	android:windowSoftInputMode
		ADDED from src\main\AndroidManifest.xml:148:13-67
	android:configChanges
		ADDED from src\main\AndroidManifest.xml:147:13-75
	android:name
		ADDED from src\main\AndroidManifest.xml:146:13-61
activity#com.suctan.huigang.activity.setting.SeetingUserAge
ADDED from src\main\AndroidManifest.xml:149:9-152:70
	android:windowSoftInputMode
		ADDED from src\main\AndroidManifest.xml:152:13-67
	android:configChanges
		ADDED from src\main\AndroidManifest.xml:151:13-75
	android:name
		ADDED from src\main\AndroidManifest.xml:150:13-60
activity#com.suctan.huigang.activity.setting.SeetingUserDegree
ADDED from src\main\AndroidManifest.xml:153:9-156:70
	android:windowSoftInputMode
		ADDED from src\main\AndroidManifest.xml:156:13-67
	android:configChanges
		ADDED from src\main\AndroidManifest.xml:155:13-75
	android:name
		ADDED from src\main\AndroidManifest.xml:154:13-63
activity#com.suctan.huigang.activity.setting.SeetingUserHoppy
ADDED from src\main\AndroidManifest.xml:157:9-160:70
	android:windowSoftInputMode
		ADDED from src\main\AndroidManifest.xml:160:13-67
	android:configChanges
		ADDED from src\main\AndroidManifest.xml:159:13-75
	android:name
		ADDED from src\main\AndroidManifest.xml:158:13-62
activity#com.suctan.huigang.activity.setting.SeetingUserKnowArea
ADDED from src\main\AndroidManifest.xml:161:9-164:70
	android:windowSoftInputMode
		ADDED from src\main\AndroidManifest.xml:164:13-67
	android:configChanges
		ADDED from src\main\AndroidManifest.xml:163:13-75
	android:name
		ADDED from src\main\AndroidManifest.xml:162:13-65
activity#com.suctan.huigang.activity.setting.SeetingUserName
ADDED from src\main\AndroidManifest.xml:165:9-168:70
	android:windowSoftInputMode
		ADDED from src\main\AndroidManifest.xml:168:13-67
	android:configChanges
		ADDED from src\main\AndroidManifest.xml:167:13-75
	android:name
		ADDED from src\main\AndroidManifest.xml:166:13-61
activity#com.suctan.huigang.activity.setting.SeetingUserSex
ADDED from src\main\AndroidManifest.xml:169:9-172:70
	android:windowSoftInputMode
		ADDED from src\main\AndroidManifest.xml:172:13-67
	android:configChanges
		ADDED from src\main\AndroidManifest.xml:171:13-75
	android:name
		ADDED from src\main\AndroidManifest.xml:170:13-60
activity#com.suctan.huigang.activity.setting.SeetingVeriatyBody
ADDED from src\main\AndroidManifest.xml:173:9-176:70
	android:windowSoftInputMode
		ADDED from src\main\AndroidManifest.xml:176:13-67
	android:configChanges
		ADDED from src\main\AndroidManifest.xml:175:13-75
	android:name
		ADDED from src\main\AndroidManifest.xml:174:13-64
activity#com.suctan.huigang.activity.address.addressActivity
ADDED from src\main\AndroidManifest.xml:179:9-182:70
	android:windowSoftInputMode
		ADDED from src\main\AndroidManifest.xml:182:13-67
	android:configChanges
		ADDED from src\main\AndroidManifest.xml:181:13-75
	android:name
		ADDED from src\main\AndroidManifest.xml:180:13-61
activity#com.suctan.huigang.activity.order.BuyActivity
ADDED from src\main\AndroidManifest.xml:183:9-186:70
	android:windowSoftInputMode
		ADDED from src\main\AndroidManifest.xml:186:13-67
	android:configChanges
		ADDED from src\main\AndroidManifest.xml:185:13-75
	android:name
		ADDED from src\main\AndroidManifest.xml:184:13-55
activity#com.suctan.huigang.activity.order.SellActivity
ADDED from src\main\AndroidManifest.xml:187:9-190:70
	android:windowSoftInputMode
		ADDED from src\main\AndroidManifest.xml:190:13-67
	android:configChanges
		ADDED from src\main\AndroidManifest.xml:189:13-75
	android:name
		ADDED from src\main\AndroidManifest.xml:188:13-56
activity#com.suctan.huigang.activity.myself.MymoneyActivity
ADDED from src\main\AndroidManifest.xml:191:9-194:70
	android:windowSoftInputMode
		ADDED from src\main\AndroidManifest.xml:194:13-67
	android:configChanges
		ADDED from src\main\AndroidManifest.xml:193:13-75
	android:name
		ADDED from src\main\AndroidManifest.xml:192:13-60
activity#com.suctan.huigang.activity.myself.MydiscountAcitity
ADDED from src\main\AndroidManifest.xml:195:9-198:70
	android:windowSoftInputMode
		ADDED from src\main\AndroidManifest.xml:198:13-67
	android:configChanges
		ADDED from src\main\AndroidManifest.xml:197:13-75
	android:name
		ADDED from src\main\AndroidManifest.xml:196:13-62
activity#com.suctan.huigang.activity.myself.MykitchenActity
ADDED from src\main\AndroidManifest.xml:199:9-202:70
	android:windowSoftInputMode
		ADDED from src\main\AndroidManifest.xml:202:13-67
	android:configChanges
		ADDED from src\main\AndroidManifest.xml:201:13-75
	android:name
		ADDED from src\main\AndroidManifest.xml:200:13-60
activity#com.suctan.huigang.activity.myself.WaitOrdersActivity
ADDED from src\main\AndroidManifest.xml:203:9-206:70
	android:windowSoftInputMode
		ADDED from src\main\AndroidManifest.xml:206:13-67
	android:configChanges
		ADDED from src\main\AndroidManifest.xml:205:13-75
	android:name
		ADDED from src\main\AndroidManifest.xml:204:13-63
activity#com.suctan.huigang.activity.myself.WaitfoodActitity
ADDED from src\main\AndroidManifest.xml:207:9-210:70
	android:windowSoftInputMode
		ADDED from src\main\AndroidManifest.xml:210:13-67
	android:configChanges
		ADDED from src\main\AndroidManifest.xml:209:13-75
	android:name
		ADDED from src\main\AndroidManifest.xml:208:13-61
activity#com.suctan.huigang.activity.myself.WaitassessActivity
ADDED from src\main\AndroidManifest.xml:211:9-214:70
	android:windowSoftInputMode
		ADDED from src\main\AndroidManifest.xml:214:13-67
	android:configChanges
		ADDED from src\main\AndroidManifest.xml:213:13-75
	android:name
		ADDED from src\main\AndroidManifest.xml:212:13-63
activity#com.suctan.huigang.activity.myself.WaitrealActivity
ADDED from src\main\AndroidManifest.xml:215:9-218:70
	android:windowSoftInputMode
		ADDED from src\main\AndroidManifest.xml:218:13-67
	android:configChanges
		ADDED from src\main\AndroidManifest.xml:217:13-75
	android:name
		ADDED from src\main\AndroidManifest.xml:216:13-61
activity#com.suctan.huigang.activity.myself.release_todayfood_Activiity
ADDED from src\main\AndroidManifest.xml:219:9-222:70
	android:windowSoftInputMode
		ADDED from src\main\AndroidManifest.xml:222:13-67
	android:configChanges
		ADDED from src\main\AndroidManifest.xml:221:13-75
	android:name
		ADDED from src\main\AndroidManifest.xml:220:13-72
activity#com.suctan.huigang.activity.myself.release_new_todayfoodActivity
ADDED from src\main\AndroidManifest.xml:223:9-226:70
	android:windowSoftInputMode
		ADDED from src\main\AndroidManifest.xml:226:13-67
	android:configChanges
		ADDED from src\main\AndroidManifest.xml:225:13-75
	android:name
		ADDED from src\main\AndroidManifest.xml:224:13-74
activity#com.suctan.huigang.activity.myself.WithdarwasActivity
ADDED from src\main\AndroidManifest.xml:227:9-231:70
	android:launchMode
		ADDED from src\main\AndroidManifest.xml:230:13-44
	android:windowSoftInputMode
		ADDED from src\main\AndroidManifest.xml:231:13-67
	android:configChanges
		ADDED from src\main\AndroidManifest.xml:229:13-75
	android:name
		ADDED from src\main\AndroidManifest.xml:228:13-63
activity#com.suctan.huigang.activity.myself.incaseActivity
ADDED from src\main\AndroidManifest.xml:232:9-236:70
	android:launchMode
		ADDED from src\main\AndroidManifest.xml:235:13-44
	android:windowSoftInputMode
		ADDED from src\main\AndroidManifest.xml:236:13-67
	android:configChanges
		ADDED from src\main\AndroidManifest.xml:234:13-75
	android:name
		ADDED from src\main\AndroidManifest.xml:233:13-59
activity#com.suctan.huigang.activity.myself.foobBookActivity
ADDED from src\main\AndroidManifest.xml:237:9-240:70
	android:windowSoftInputMode
		ADDED from src\main\AndroidManifest.xml:240:13-67
	android:configChanges
		ADDED from src\main\AndroidManifest.xml:239:13-75
	android:name
		ADDED from src\main\AndroidManifest.xml:238:13-61
activity#com.suctan.huigang.activity.address.address_listitemActivity
ADDED from src\main\AndroidManifest.xml:241:9-244:70
	android:windowSoftInputMode
		ADDED from src\main\AndroidManifest.xml:244:13-67
	android:configChanges
		ADDED from src\main\AndroidManifest.xml:243:13-75
	android:name
		ADDED from src\main\AndroidManifest.xml:242:13-70
activity#com.suctan.huigang.activity.screen_Activity
ADDED from src\main\AndroidManifest.xml:245:9-248:70
	android:windowSoftInputMode
		ADDED from src\main\AndroidManifest.xml:248:13-67
	android:configChanges
		ADDED from src\main\AndroidManifest.xml:247:13-75
	android:name
		ADDED from src\main\AndroidManifest.xml:246:13-53
activity#com.suctan.huigang.activity.myself.my_assess
ADDED from src\main\AndroidManifest.xml:249:9-252:70
	android:windowSoftInputMode
		ADDED from src\main\AndroidManifest.xml:252:13-67
	android:configChanges
		ADDED from src\main\AndroidManifest.xml:251:13-75
	android:name
		ADDED from src\main\AndroidManifest.xml:250:13-54
activity#com.suctan.huigang.activity.password.PasswordActivity
ADDED from src\main\AndroidManifest.xml:253:9-256:70
	android:windowSoftInputMode
		ADDED from src\main\AndroidManifest.xml:256:13-67
	android:configChanges
		ADDED from src\main\AndroidManifest.xml:255:13-75
	android:name
		ADDED from src\main\AndroidManifest.xml:254:13-63
activity#com.suctan.huigang.activity.signup.signupActivity
ADDED from src\main\AndroidManifest.xml:257:9-260:70
	android:windowSoftInputMode
		ADDED from src\main\AndroidManifest.xml:260:13-67
	android:configChanges
		ADDED from src\main\AndroidManifest.xml:259:13-75
	android:name
		ADDED from src\main\AndroidManifest.xml:258:13-59
activity#com.suctan.huigang.activity.eatfood.EatFoodDetail
ADDED from src\main\AndroidManifest.xml:261:9-264:70
	android:windowSoftInputMode
		ADDED from src\main\AndroidManifest.xml:264:13-67
	android:configChanges
		ADDED from src\main\AndroidManifest.xml:263:13-75
	android:name
		ADDED from src\main\AndroidManifest.xml:262:13-59
activity#com.suctan.huigang.activity.do_want.DoWantOrderDetatil
ADDED from src\main\AndroidManifest.xml:265:9-268:70
	android:windowSoftInputMode
		ADDED from src\main\AndroidManifest.xml:268:13-67
	android:configChanges
		ADDED from src\main\AndroidManifest.xml:267:13-75
	android:name
		ADDED from src\main\AndroidManifest.xml:266:13-64
activity#com.suctan.huigang.activity.cart.ShoppingCart
ADDED from src\main\AndroidManifest.xml:269:9-272:70
	android:windowSoftInputMode
		ADDED from src\main\AndroidManifest.xml:272:13-67
	android:configChanges
		ADDED from src\main\AndroidManifest.xml:271:13-75
	android:name
		ADDED from src\main\AndroidManifest.xml:270:13-55
activity#com.suctan.huigang.activity.myself.Already_release_today_foodActivity
ADDED from src\main\AndroidManifest.xml:273:9-276:70
	android:windowSoftInputMode
		ADDED from src\main\AndroidManifest.xml:276:13-67
	android:configChanges
		ADDED from src\main\AndroidManifest.xml:275:13-75
	android:name
		ADDED from src\main\AndroidManifest.xml:274:13-79
activity#com.suctan.huigang.activity.order.BuyOrderDetailActivity
ADDED from src\main\AndroidManifest.xml:277:9-280:70
	android:windowSoftInputMode
		ADDED from src\main\AndroidManifest.xml:280:13-67
	android:configChanges
		ADDED from src\main\AndroidManifest.xml:279:13-75
	android:name
		ADDED from src\main\AndroidManifest.xml:278:13-66
activity#com.suctan.huigang.activity.order.SellOrderDetailActivity
ADDED from src\main\AndroidManifest.xml:281:9-284:70
	android:windowSoftInputMode
		ADDED from src\main\AndroidManifest.xml:284:13-67
	android:configChanges
		ADDED from src\main\AndroidManifest.xml:283:13-75
	android:name
		ADDED from src\main\AndroidManifest.xml:282:13-67
activity#com.suctan.huigang.activity.order.BuyOrderPublicComment
ADDED from src\main\AndroidManifest.xml:285:9-288:70
	android:windowSoftInputMode
		ADDED from src\main\AndroidManifest.xml:288:13-67
	android:configChanges
		ADDED from src\main\AndroidManifest.xml:287:13-75
	android:name
		ADDED from src\main\AndroidManifest.xml:286:13-65
activity#com.suctan.huigang.activity.order.SellOrderPublicComment
ADDED from src\main\AndroidManifest.xml:289:9-292:70
	android:windowSoftInputMode
		ADDED from src\main\AndroidManifest.xml:292:13-67
	android:configChanges
		ADDED from src\main\AndroidManifest.xml:291:13-75
	android:name
		ADDED from src\main\AndroidManifest.xml:290:13-66
activity#com.suctan.huigang.activity.order.SellOrderAublicComment
ADDED from src\main\AndroidManifest.xml:293:9-296:70
	android:windowSoftInputMode
		ADDED from src\main\AndroidManifest.xml:296:13-67
	android:configChanges
		ADDED from src\main\AndroidManifest.xml:295:13-75
	android:name
		ADDED from src\main\AndroidManifest.xml:294:13-66
activity#com.suctan.huigang.activity.order.BuyOrderAublicComment
ADDED from src\main\AndroidManifest.xml:297:9-300:70
	android:windowSoftInputMode
		ADDED from src\main\AndroidManifest.xml:300:13-67
	android:configChanges
		ADDED from src\main\AndroidManifest.xml:299:13-75
	android:name
		ADDED from src\main\AndroidManifest.xml:298:13-65
activity#com.suctan.huigang.activity.ShopMap
ADDED from src\main\AndroidManifest.xml:301:9-304:69
	android:windowSoftInputMode
		ADDED from src\main\AndroidManifest.xml:304:13-67
	android:configChanges
		ADDED from src\main\AndroidManifest.xml:303:13-75
	android:name
		ADDED from src\main\AndroidManifest.xml:302:13-45
uses-sdk
INJECTED from src\main\AndroidManifest.xml reason: use-sdk injection requested
MERGED from [com.android.support:multidex:1.0.1] AndroidManifest.xml:18:5-42
MERGED from [fancaiProject-master:androidbase:unspecified] AndroidManifest.xml:7:5-9:41
MERGED from [com.android.support:design:25.0.0] AndroidManifest.xml:21:5-23:62
MERGED from [com.android.support:recyclerview-v7:25.0.0] AndroidManifest.xml:20:5-43
MERGED from [com.android.support:transition:25.0.0] AndroidManifest.xml:20:5-44
MERGED from [io.reactivex:rxandroid:1.1.0] AndroidManifest.xml:19:5-43
MERGED from [cn.bingoogolapple:bga-badgeview:1.1.2] AndroidManifest.xml:6:5-8:41
MERGED from [com.lsjwzh:materialloadingprogressbar:0.5.8-RELEASE] AndroidManifest.xml:7:5-9:41
MERGED from [com.jaeger.statusbaruitl:library:1.1.1] AndroidManifest.xml:7:5-9:41
MERGED from [com.github.chenupt.android:dragtoplayout:1.2.1] AndroidManifest.xml:7:5-9:41
MERGED from [com.daasuu:BubbleLayout:1.1.1] AndroidManifest.xml:8:5-10:41
MERGED from [top.zibin:Luban:1.0.8] AndroidManifest.xml:7:5-9:41
MERGED from [com.bigkoo:pickerview:2.1.0] AndroidManifest.xml:7:5-9:41
MERGED from [id.zelory:compressor:1.0.2] AndroidManifest.xml:7:5-9:41
MERGED from [com.7heaven.widgets:segmentcontrol:1.16] AndroidManifest.xml:8:5-10:41
MERGED from [com.flyco.dialog:FlycoDialog_Lib:1.3.2] AndroidManifest.xml:7:5-9:41
MERGED from [com.zzhoujay.richtext:richtext:2.0.13] AndroidManifest.xml:8:5-10:41
MERGED from [com.zzhoujay.markdown:markdown:0.0.12] AndroidManifest.xml:8:5-10:41
MERGED from [com.badoo.mobile:android-weak-handler:1.1] AndroidManifest.xml:8:5-10:41
MERGED from [com.flyco.labelview:FlycoLabelView_Lib:1.0.2] AndroidManifest.xml:7:5-9:41
MERGED from [org.xutils:xutils:3.3.36] AndroidManifest.xml:8:5-10:41
MERGED from [fancaiProject-master:catloadinglibrary:unspecified] AndroidManifest.xml:7:5-9:41
MERGED from [com.jakewharton:butterknife:8.1.0] AndroidManifest.xml:5:5-43
MERGED from [com.yalantis:phoenix:1.2.3] AndroidManifest.xml:8:5-10:41
MERGED from [com.bigkoo:convenientbanner:2.0.5] AndroidManifest.xml:7:5-44
MERGED from [com.facebook.fresco:fresco:0.9.0] AndroidManifest.xml:5:5-7:41
MERGED from [com.facebook.fresco:drawee:0.9.0] AndroidManifest.xml:5:5-7:41
MERGED from [com.facebook.fresco:imagepipeline:0.9.0] AndroidManifest.xml:5:5-7:41
MERGED from [com.facebook.fresco:imagepipeline-base:0.9.0] AndroidManifest.xml:5:5-7:41
MERGED from [com.facebook.fresco:fbcore:0.9.0] AndroidManifest.xml:5:5-7:41
MERGED from [com.jude:rollviewpager:1.2.9] AndroidManifest.xml:7:5-9:41
MERGED from [com.tb.emoji:yykEmoji:1.0.0] AndroidManifest.xml:7:5-9:41
MERGED from [com.android.support:appcompat-v7:25.3.1] AndroidManifest.xml:21:5-23:78
MERGED from [com.android.support:animated-vector-drawable:25.3.1] AndroidManifest.xml:20:5-44
MERGED from [com.android.support:support-vector-drawable:25.3.1] AndroidManifest.xml:20:5-43
MERGED from [com.android.support:support-v4:25.3.1] AndroidManifest.xml:21:5-23:54
MERGED from [com.android.support:support-fragment:25.3.1] AndroidManifest.xml:21:5-23:60
MERGED from [com.android.support:support-media-compat:25.3.1] AndroidManifest.xml:21:5-23:63
MERGED from [com.android.support:support-core-ui:25.3.1] AndroidManifest.xml:21:5-23:58